<?xml version="1.0" encoding="utf-8"?><testsuites name="pytest tests"><testsuite name="pytest" errors="0" failures="0" skipped="2" tests="3" time="3.928" timestamp="2026-01-28T15:31:53.731480-05:00" hostname="Vinayaka"><testcase classname="backend.tests.integration.test_business_api" name="test_items_endpoint_returns_200" time="0.001"><skipped type="pytest.skip" message="API_BASE_URL environment variable not set">C:\Users\theak\Documents\Akash\Purdue\SeniorDesign\Stride\aws_resources\backend\tests\integration\test_business_api.py:20: API_BASE_URL environment variable not set</skipped></testcase><testcase classname="backend.tests.integration.test_business_api" name="test_items_endpoint_contains_path" time="0.001"><skipped type="pytest.skip" message="API_BASE_URL environment variable not set">C:\Users\theak\Documents\Akash\Purdue\SeniorDesign\Stride\aws_resources\backend\tests\integration\test_business_api.py:28: API_BASE_URL environment variable not set</skipped></testcase><testcase classname="backend.tests.integration.test_stream_api" name="test_dataflow" time="3.727" /></testsuite></testsuites>